2026-01-05 21:33:34 - DEBUG - This is a debug message
2026-01-05 21:33:34 - INFO - This is an info message
2026-01-05 21:33:34 - WARNING - This is a warning message
2026-01-05 21:33:34 - ERROR - This is an error message
2026-01-05 21:33:34 - CRITICAL - This is a critical message
2026-01-05 21:34:35 - DEBUG - This is a debug message
2026-01-05 21:34:35 - INFO - This is an info message
2026-01-05 21:34:35 - WARNING - This is a warning message
2026-01-05 21:34:35 - ERROR - This is an error message
2026-01-05 21:34:35 - CRITICAL - This is a critical message
2026-01-05 21:48:23 - DEBUG - This is a debug message
2026-01-05 21:48:23 - INFO - This is an info message
2026-01-05 21:48:23 - WARNING - This is a warning message
2026-01-05 21:48:23 - ERROR - This is an error message
2026-01-05 21:48:23 - CRITICAL - This is a critical message
2026-01-05 21:48:23 - DEBUG - This is a debug message
2026-01-05 21:48:23 - INFO - This is an info message
2026-01-05 21:48:23 - WARNING - This is a warning message
2026-01-05 21:48:23 - ERROR - This is an error message
2026-01-05 21:48:23 - CRITICAL - This is a critical message
